<?xml version="1.0" encoding="UTF-8"?>
<testng-results skipped="0" failed="0" total="1" passed="1">
  <reporter-output>
  </reporter-output>
  <suite name="Default suite" duration-ms="16343" started-at="2017-09-09T00:05:21Z" finished-at="2017-09-09T00:05:37Z">
    <groups>
    </groups>
    <test name="Default test" duration-ms="16343" started-at="2017-09-09T00:05:21Z" finished-at="2017-09-09T00:05:37Z">
      <class name="testNG.Dbtesting">
        <test-method status="PASS" signature="SetUp()[pri:0, instance:testNG.Dbtesting@62ee68d8]" name="SetUp" is-config="true" duration-ms="9775" started-at="2017-09-08T19:05:21Z" finished-at="2017-09-08T19:05:31Z">
          <reporter-output>
          </reporter-output>
        </test-method> <!-- SetUp -->
        <test-method status="PASS" signature="dbTest()[pri:0, instance:testNG.Dbtesting@62ee68d8]" name="dbTest" duration-ms="6523" started-at="2017-09-08T19:05:31Z" finished-at="2017-09-08T19:05:37Z">
          <reporter-output>
          </reporter-output>
        </test-method> <!-- dbTest -->
      </class> <!-- testNG.Dbtesting -->
    </test> <!-- Default test -->
  </suite> <!-- Default suite -->
</testng-results>
